0 info it worked if it ends with ok
1 verbose cli [ 'node', '/usr/local/bin/npm', 'build', 'category=uniq' ]
2 info using npm@1.1.69
3 info using node@v0.8.16
4 info build /Users/chietala/workspace/rentr/public/components/lodash/category=uniq
5 verbose read json /Users/chietala/workspace/rentr/public/components/lodash/category=uniq/package.json
6 error Error: ENOENT, open '/Users/chietala/workspace/rentr/public/components/lodash/category=uniq/package.json'
7 error If you need help, you may report this log at:
7 error     <http://github.com/isaacs/npm/issues>
7 error or email it to:
7 error     <npm-@googlegroups.com>
8 error System Darwin 10.8.0
9 error command "node" "/usr/local/bin/npm" "build" "category=uniq"
10 error cwd /Users/chietala/workspace/rentr/public/components/lodash
11 error node -v v0.8.16
12 error npm -v 1.1.69
13 error path /Users/chietala/workspace/rentr/public/components/lodash/category=uniq/package.json
14 error code ENOENT
15 error errno 34
16 verbose exit [ 34, true ]
